2018-05-17 11:44:16    d    MyCCIDApplication    initializers:[com.att.ccid.application.MyCCIDApplication$2@65df7b0]
2018-05-17 11:44:16    d    MyCCIDApplication    initializers length:1
2018-05-17 11:44:16    d    MyCCIDApplication    invoking initializer:com.att.ccid.application.MyCCIDApplication$2@65df7b0
2018-05-17 11:44:16    d    MyCCIDApplication    invoking initializer:com.att.ccid.application.MyCCIDApplication$2@65df7b0 done!
2018-05-17 11:44:16    d    MyCCIDApplication    scanners:[]
2018-05-17 11:44:16    d    BaseActivity    initializers:[]
2018-05-17 11:44:16    d    BaseActivity    scanners:[]
2018-05-17 11:44:16    d    AccessTokenManager    access_token expired,just remove it !
2018-05-17 11:44:16    d    WelcomeActivity    the oauthToken:null
2018-05-17 11:44:16    d    WelcomeActivity    no accessToken ,go login and get accessToken
2018-05-17 11:44:18    d    BaseActivity    scanners:[]
2018-05-17 11:44:18    d    BaseActivity    initializers:[]
2018-05-17 11:44:18    d    AccessTokenManager    access_token expired,just remove it !
2018-05-17 11:44:18    d    MyCCIDLoginActivity    the version:2.1.0
2018-05-17 11:44:18    d    MyCCIDLoginActivity    the v===>1
2018-05-17 11:44:18    d    BaseActivity    cleaners length:1
2018-05-17 11:44:18    d    BaseActivity    cleaners:[com.mycomm.itool.listener.T.MyTListener$2@4827130]
2018-05-17 11:44:18    d    BaseActivity    invoking cleaner:com.mycomm.itool.listener.T.MyTListener$2@4827130
2018-05-17 11:44:18    d    BaseActivity    invoking cleaner:com.mycomm.itool.listener.T.MyTListener$2@4827130 done!
2018-05-17 11:44:22    d    BaseActivity    cleaners:[com.mycomm.itool.listener.T.MyTListener$2@6cd6ecf]
2018-05-17 11:44:22    d    BaseActivity    cleaners length:1
2018-05-17 11:44:22    d    BaseActivity    invoking cleaner:com.mycomm.itool.listener.T.MyTListener$2@6cd6ecf done!
2018-05-17 11:44:22    d    BaseActivity    invoking cleaner:com.mycomm.itool.listener.T.MyTListener$2@6cd6ecf
