2018-05-19 00:26:41    d    LocalApplication    initializers:[com.android.sony.tv.app.LocalApplication$3@6e0b533, com.android.sony.tv.config.inits.DeviceStatistics@d54e0f0, com.android.sony.tv.config.inits.TVServiceStart@34d1669, com.android.sony.tv.config.inits.HealthTVServer@2dcb8ee]
2018-05-19 00:26:41    e    LocalApplication    the interval is invalid :com.android.sony.tv.app.LocalApplication$2@54ff4a2
2018-05-19 00:26:41    d    LocalApplication    initializers length:4
2018-05-19 00:26:41    d    LocalApplication    invoking initializer:com.android.sony.tv.app.LocalApplication$3@6e0b533
2018-05-19 00:26:41    d    LocalApplication    invoking initializer:com.android.sony.tv.app.LocalApplication$3@6e0b533 done!
2018-05-19 00:26:41    d    DeviceStatistics    Build.MANUFACTURER:Sony
2018-05-19 00:26:41    d    LocalApplication    invoking initializer:com.android.sony.tv.config.inits.DeviceStatistics@d54e0f0
2018-05-19 00:26:41    d    DeviceStatistics    Build.HARDWARE:mt5891
2018-05-19 00:26:41    d    DeviceStatistics    Build.BRAND:Sony
2018-05-19 00:26:41    d    DeviceStatistics    Build.BOOTLOADER:unknown
2018-05-19 00:26:41    d    DeviceStatistics    Build.DEVICE:BRAVIA_ATV2
2018-05-19 00:26:41    d    DeviceStatistics    Build.FINGERPRINT:Sony/BRAVIA_ATV2_UC/BRAVIA_ATV2:7.0/NRD91N.S86/1.6.0.26.69.1.00:user/release-keys
2018-05-19 00:26:41    d    DeviceStatistics    Build.HOST:BuildHost66
2018-05-19 00:26:41    d    DeviceStatistics    Build.ID:NRD91N.S86
2018-05-19 00:26:41    d    DeviceStatistics    Build.PRODUCT:BRAVIA_ATV2_UC
2018-05-19 00:26:41    d    DeviceStatistics    Build.MODEL:BRAVIA 4K GB
2018-05-19 00:26:41    d    DeviceStatistics    Build.DISPLAY:BRAVIA_ATV2_UC-user 7.0 NRD91N.S86 1.6.0.26.69.1.00 release-keys
2018-05-19 00:26:41    d    DeviceStatistics    Build.SERIAL:3cc11f014135791
2018-05-19 00:26:41    d    LocalApplication    invoking initializer:com.android.sony.tv.config.inits.DeviceStatistics@d54e0f0 done!
2018-05-19 00:26:41    d    DeviceStatistics    Build.VERSION.SDK_INT:24
2018-05-19 00:26:41    d    LocalApplication    invoking initializer:com.android.sony.tv.config.inits.TVServiceStart@34d1669
2018-05-19 00:26:41    d    LocalApplication    invoking initializer:com.android.sony.tv.config.inits.TVServiceStart@34d1669 done!
2018-05-19 00:26:41    d    LocalApplication    invoking initializer:com.android.sony.tv.config.inits.HealthTVServer@2dcb8ee
2018-05-19 00:26:41    d    HealthTVServer    onInit in  HealthTV UDP Server18888
2018-05-19 00:26:41    d    LocalApplication    invoking initializer:com.android.sony.tv.config.inits.HealthTVServer@2dcb8ee done!
2018-05-19 00:26:41    d    LocalApplication    scanners:[]
2018-05-19 00:26:41    d        Start UDP Server at: 18888
2018-05-19 00:26:41    d        UDP is waiting for client's request at:18888
2018-05-19 00:26:41    d    TVService    TVService started....
2018-05-19 00:26:41    d    TVService    TVService is not started yet,let me start it now....
2018-05-19 00:26:41    d    TVService    TVService onStartCommand....
2018-05-19 00:26:46    d    TVHealthLogic    diff: 1526704006,Current hour:0,mins:26
2018-05-19 00:26:46    d    TVHealthLogic    it is Sat May 19 00:26:46 EDT 2018,disable the TV now!
2018-05-19 00:26:46    d    TVHealthLogic    diff: 1526704006,Current hour:0,mins:26
2018-05-19 00:26:46    d    TVHealthLogic    it is Sat May 19 00:26:46 EDT 2018,disable the TV now!
2018-05-19 00:27:27    d    LocalApplication    initializers:[com.android.sony.tv.app.LocalApplication$3@6e0b533, com.android.sony.tv.config.inits.DeviceStatistics@d54e0f0, com.android.sony.tv.config.inits.TVServiceStart@34d1669, com.android.sony.tv.config.inits.HealthTVServer@2dcb8ee]
2018-05-19 00:27:27    e    LocalApplication    the interval is invalid :com.android.sony.tv.app.LocalApplication$2@54ff4a2
2018-05-19 00:27:27    d    LocalApplication    invoking initializer:com.android.sony.tv.app.LocalApplication$3@6e0b533
2018-05-19 00:27:27    d    LocalApplication    initializers length:4
2018-05-19 00:27:27    d    LocalApplication    invoking initializer:com.android.sony.tv.app.LocalApplication$3@6e0b533 done!
2018-05-19 00:27:27    d    LocalApplication    invoking initializer:com.android.sony.tv.config.inits.DeviceStatistics@d54e0f0
2018-05-19 00:27:27    d    DeviceStatistics    Build.MANUFACTURER:Sony
2018-05-19 00:27:27    d    DeviceStatistics    Build.HARDWARE:mt5891
2018-05-19 00:27:27    d    DeviceStatistics    Build.BOOTLOADER:unknown
2018-05-19 00:27:27    d    DeviceStatistics    Build.BRAND:Sony
2018-05-19 00:27:28    d    DeviceStatistics    Build.FINGERPRINT:Sony/BRAVIA_ATV2_UC/BRAVIA_ATV2:7.0/NRD91N.S86/1.6.0.26.69.1.00:user/release-keys
2018-05-19 00:27:27    d    DeviceStatistics    Build.DEVICE:BRAVIA_ATV2
2018-05-19 00:27:28    d    DeviceStatistics    Build.HOST:BuildHost66
2018-05-19 00:27:28    d    DeviceStatistics    Build.ID:NRD91N.S86
2018-05-19 00:27:28    d    DeviceStatistics    Build.MODEL:BRAVIA 4K GB
2018-05-19 00:27:28    d    DeviceStatistics    Build.PRODUCT:BRAVIA_ATV2_UC
2018-05-19 00:27:28    d    DeviceStatistics    Build.SERIAL:3cc11f014135791
2018-05-19 00:27:28    d    DeviceStatistics    Build.DISPLAY:BRAVIA_ATV2_UC-user 7.0 NRD91N.S86 1.6.0.26.69.1.00 release-keys
2018-05-19 00:27:28    d    DeviceStatistics    Build.VERSION.SDK_INT:24
2018-05-19 00:27:28    d    LocalApplication    invoking initializer:com.android.sony.tv.config.inits.DeviceStatistics@d54e0f0 done!
2018-05-19 00:27:28    d    LocalApplication    invoking initializer:com.android.sony.tv.config.inits.TVServiceStart@34d1669
2018-05-19 00:27:28    d    LocalApplication    invoking initializer:com.android.sony.tv.config.inits.TVServiceStart@34d1669 done!
2018-05-19 00:27:28    d    LocalApplication    invoking initializer:com.android.sony.tv.config.inits.HealthTVServer@2dcb8ee
2018-05-19 00:27:28    d    HealthTVServer    onInit in  HealthTV UDP Server18888
2018-05-19 00:27:28    d    LocalApplication    invoking initializer:com.android.sony.tv.config.inits.HealthTVServer@2dcb8ee done!
2018-05-19 00:27:28    d    LocalApplication    scanners:[]
2018-05-19 00:27:28    d    TVHealthLogic    diff: 1526704047,Current hour:0,mins:27
2018-05-19 00:27:28    d    TVService    TVService started....
2018-05-19 00:27:28    d    TVHealthLogic    it is Sat May 19 00:27:27 EDT 2018,disable the TV now!
2018-05-19 00:27:28    d        Start UDP Server at: 18888
2018-05-19 00:27:28    d        UDP is waiting for client's request at:18888
2018-05-19 00:27:28    d    TVService    TVService onStartCommand....
2018-05-19 00:27:28    d    TVService    TVService is not started yet,let me start it now....
2018-05-19 00:27:28    d    TVHealthLogic    diff: 1526704048,Current hour:0,mins:27
2018-05-19 00:27:28    d    TVHealthLogic    it is Sat May 19 00:27:28 EDT 2018,disable the TV now!
2018-05-19 00:28:28    d    TVHealthLogic    diff: 1526704108,Current hour:0,mins:28
2018-05-19 00:28:28    d    TVHealthLogic    it is Sat May 19 00:28:28 EDT 2018,disable the TV now!
2018-05-19 00:29:28    d    TVHealthLogic    diff: 1526704168,Current hour:0,mins:29
2018-05-19 00:29:28    d    TVHealthLogic    it is Sat May 19 00:29:28 EDT 2018,disable the TV now!
2018-05-19 00:30:28    d    TVHealthLogic    it is Sat May 19 00:30:28 EDT 2018,disable the TV now!
2018-05-19 00:30:28    d    TVHealthLogic    diff: 1526704228,Current hour:0,mins:30
2018-05-19 00:31:28    d    TVHealthLogic    it is Sat May 19 00:31:28 EDT 2018,disable the TV now!
2018-05-19 00:31:28    d    TVHealthLogic    diff: 1526704288,Current hour:0,mins:31
2018-05-19 00:32:28    d    TVHealthLogic    diff: 1526704348,Current hour:0,mins:32
2018-05-19 00:32:28    d    TVHealthLogic    it is Sat May 19 00:32:28 EDT 2018,disable the TV now!
2018-05-19 00:33:28    d    TVHealthLogic    it is Sat May 19 00:33:28 EDT 2018,disable the TV now!
2018-05-19 00:33:28    d    TVHealthLogic    diff: 1526704408,Current hour:0,mins:33
2018-05-19 00:38:33    d    TVHealthLogic    diff: 1526704713,Current hour:0,mins:38
2018-05-19 00:38:33    d    TVHealthLogic    it is Sat May 19 00:38:33 EDT 2018,disable the TV now!
2018-05-19 00:43:52    d    TVHealthLogic    it is Sat May 19 00:43:52 EDT 2018,disable the TV now!
2018-05-19 00:43:52    d    TVHealthLogic    diff: 1526705032,Current hour:0,mins:43
2018-05-19 00:44:00    d    TVHealthLogic    it is Sat May 19 00:44:00 EDT 2018,disable the TV now!
2018-05-19 00:44:00    d    TVHealthLogic    diff: 1526705040,Current hour:0,mins:44
2018-05-19 00:49:11    d    TVHealthLogic    it is Sat May 19 00:49:11 EDT 2018,disable the TV now!
2018-05-19 00:49:11    d    TVHealthLogic    diff: 1526705351,Current hour:0,mins:49
2018-05-19 00:54:30    d    TVHealthLogic    diff: 1526705670,Current hour:0,mins:54
2018-05-19 00:54:30    d    TVHealthLogic    it is Sat May 19 00:54:30 EDT 2018,disable the TV now!
2018-05-19 00:59:49    d    TVHealthLogic    diff: 1526705989,Current hour:0,mins:59
2018-05-19 00:59:49    d    TVHealthLogic    it is Sat May 19 00:59:49 EDT 2018,disable the TV now!
2018-05-19 01:00:00    d    TVHealthLogic    diff: 1526706000,Current hour:1,mins:0
2018-05-19 01:00:00    d    TVHealthLogic    it is Sat May 19 01:00:00 EDT 2018,disable the TV now!
2018-05-19 01:05:08    d    TVHealthLogic    diff: 1526706308,Current hour:1,mins:5
2018-05-19 01:05:08    d    TVHealthLogic    it is Sat May 19 01:05:08 EDT 2018,disable the TV now!
2018-05-19 01:10:27    d    TVHealthLogic    it is Sat May 19 01:10:27 EDT 2018,disable the TV now!
2018-05-19 01:10:27    d    TVHealthLogic    diff: 1526706627,Current hour:1,mins:10
2018-05-19 01:15:46    d    TVHealthLogic    diff: 1526706946,Current hour:1,mins:15
2018-05-19 01:15:46    d    TVHealthLogic    it is Sat May 19 01:15:46 EDT 2018,disable the TV now!
2018-05-19 01:21:05    d    TVHealthLogic    it is Sat May 19 01:21:05 EDT 2018,disable the TV now!
2018-05-19 01:21:05    d    TVHealthLogic    diff: 1526707265,Current hour:1,mins:21
2018-05-19 01:26:27    d    TVHealthLogic    it is Sat May 19 01:26:27 EDT 2018,disable the TV now!
2018-05-19 01:26:27    d    TVHealthLogic    diff: 1526707587,Current hour:1,mins:26
2018-05-19 01:31:45    d    TVHealthLogic    diff: 1526707905,Current hour:1,mins:31
2018-05-19 01:31:45    d    TVHealthLogic    it is Sat May 19 01:31:45 EDT 2018,disable the TV now!
2018-05-19 01:32:00    d    TVHealthLogic    diff: 1526707920,Current hour:1,mins:32
2018-05-19 01:32:00    d    TVHealthLogic    it is Sat May 19 01:32:00 EDT 2018,disable the TV now!
2018-05-19 01:37:06    d    TVHealthLogic    it is Sat May 19 01:37:06 EDT 2018,disable the TV now!
2018-05-19 01:37:06    d    TVHealthLogic    diff: 1526708226,Current hour:1,mins:37
2018-05-19 01:41:34    d    TVHealthLogic    it is Sat May 19 01:41:34 EDT 2018,disable the TV now!
2018-05-19 01:41:34    d    TVHealthLogic    diff: 1526708494,Current hour:1,mins:41
2018-05-19 01:46:52    d    TVHealthLogic    it is Sat May 19 01:46:52 EDT 2018,disable the TV now!
2018-05-19 01:46:52    d    TVHealthLogic    diff: 1526708812,Current hour:1,mins:46
2018-05-19 01:47:23    d    TVHealthLogic    it is Sat May 19 01:47:23 EDT 2018,disable the TV now!
2018-05-19 01:47:23    d    TVHealthLogic    diff: 1526708843,Current hour:1,mins:47
2018-05-19 01:52:41    d    TVHealthLogic    it is Sat May 19 01:52:41 EDT 2018,disable the TV now!
2018-05-19 01:52:41    d    TVHealthLogic    diff: 1526709161,Current hour:1,mins:52
2018-05-19 01:58:02    d    TVHealthLogic    diff: 1526709482,Current hour:1,mins:58
2018-05-19 01:58:02    d    TVHealthLogic    it is Sat May 19 01:58:02 EDT 2018,disable the TV now!
2018-05-19 02:03:20    d    TVHealthLogic    diff: 1526709800,Current hour:2,mins:3
2018-05-19 02:03:20    d    TVHealthLogic    it is Sat May 19 02:03:20 EDT 2018,disable the TV now!
2018-05-19 02:08:38    d    TVHealthLogic    diff: 1526710118,Current hour:2,mins:8
2018-05-19 02:08:38    d    TVHealthLogic    it is Sat May 19 02:08:38 EDT 2018,disable the TV now!
2018-05-19 02:13:57    d    TVHealthLogic    diff: 1526710437,Current hour:2,mins:13
2018-05-19 02:13:57    d    TVHealthLogic    it is Sat May 19 02:13:57 EDT 2018,disable the TV now!
2018-05-19 02:14:00    d    TVHealthLogic    diff: 1526710440,Current hour:2,mins:14
2018-05-19 02:14:00    d    TVHealthLogic    it is Sat May 19 02:14:00 EDT 2018,disable the TV now!
2018-05-19 02:19:16    d    TVHealthLogic    diff: 1526710756,Current hour:2,mins:19
2018-05-19 02:19:16    d    TVHealthLogic    it is Sat May 19 02:19:16 EDT 2018,disable the TV now!
2018-05-19 02:24:34    d    TVHealthLogic    it is Sat May 19 02:24:34 EDT 2018,disable the TV now!
2018-05-19 02:24:34    d    TVHealthLogic    diff: 1526711074,Current hour:2,mins:24
2018-05-19 02:29:53    d    TVHealthLogic    diff: 1526711393,Current hour:2,mins:29
2018-05-19 02:29:53    d    TVHealthLogic    it is Sat May 19 02:29:53 EDT 2018,disable the TV now!
2018-05-19 02:30:00    d    TVHealthLogic    it is Sat May 19 02:30:00 EDT 2018,disable the TV now!
2018-05-19 02:30:00    d    TVHealthLogic    diff: 1526711400,Current hour:2,mins:30
2018-05-19 02:31:00    d    TVHealthLogic    diff: 1526711460,Current hour:2,mins:31
2018-05-19 02:31:00    d    TVHealthLogic    it is Sat May 19 02:31:00 EDT 2018,disable the TV now!
2018-05-19 02:32:03    d    TVHealthLogic    it is Sat May 19 02:32:03 EDT 2018,disable the TV now!
2018-05-19 02:32:03    d    TVHealthLogic    diff: 1526711523,Current hour:2,mins:32
2018-05-19 02:37:31    d    TVHealthLogic    it is Sat May 19 02:37:31 EDT 2018,disable the TV now!
2018-05-19 02:37:31    d    TVHealthLogic    diff: 1526711851,Current hour:2,mins:37
2018-05-19 02:42:50    d    TVHealthLogic    diff: 1526712170,Current hour:2,mins:42
2018-05-19 02:42:50    d    TVHealthLogic    it is Sat May 19 02:42:50 EDT 2018,disable the TV now!
2018-05-19 02:43:00    d    TVHealthLogic    it is Sat May 19 02:43:00 EDT 2018,disable the TV now!
2018-05-19 02:43:00    d    TVHealthLogic    diff: 1526712180,Current hour:2,mins:43
2018-05-19 02:48:09    d    TVHealthLogic    it is Sat May 19 02:48:09 EDT 2018,disable the TV now!
2018-05-19 02:48:09    d    TVHealthLogic    diff: 1526712489,Current hour:2,mins:48
2018-05-19 02:53:28    d    TVHealthLogic    diff: 1526712808,Current hour:2,mins:53
2018-05-19 02:53:28    d    TVHealthLogic    it is Sat May 19 02:53:28 EDT 2018,disable the TV now!
2018-05-19 02:58:47    d    TVHealthLogic    it is Sat May 19 02:58:47 EDT 2018,disable the TV now!
2018-05-19 02:58:47    d    TVHealthLogic    diff: 1526713127,Current hour:2,mins:58
2018-05-19 02:59:00    d    TVHealthLogic    it is Sat May 19 02:59:00 EDT 2018,disable the TV now!
2018-05-19 02:59:00    d    TVHealthLogic    diff: 1526713140,Current hour:2,mins:59
2018-05-19 03:04:06    d    TVHealthLogic    it is Sat May 19 03:04:06 EDT 2018,disable the TV now!
2018-05-19 03:04:06    d    TVHealthLogic    diff: 1526713446,Current hour:3,mins:4
2018-05-19 03:09:24    d    TVHealthLogic    diff: 1526713764,Current hour:3,mins:9
2018-05-19 03:09:24    d    TVHealthLogic    it is Sat May 19 03:09:24 EDT 2018,disable the TV now!
2018-05-19 03:14:43    d    TVHealthLogic    diff: 1526714083,Current hour:3,mins:14
2018-05-19 03:14:43    d    TVHealthLogic    it is Sat May 19 03:14:43 EDT 2018,disable the TV now!
2018-05-19 03:20:02    d    TVHealthLogic    it is Sat May 19 03:20:02 EDT 2018,disable the TV now!
2018-05-19 03:20:02    d    TVHealthLogic    diff: 1526714402,Current hour:3,mins:20
2018-05-19 03:25:21    d    TVHealthLogic    diff: 1526714721,Current hour:3,mins:25
2018-05-19 03:25:21    d    TVHealthLogic    it is Sat May 19 03:25:21 EDT 2018,disable the TV now!
2018-05-19 03:30:40    d    TVHealthLogic    it is Sat May 19 03:30:40 EDT 2018,disable the TV now!
2018-05-19 03:30:40    d    TVHealthLogic    diff: 1526715040,Current hour:3,mins:30
2018-05-19 03:36:00    d    TVHealthLogic    it is Sat May 19 03:36:00 EDT 2018,disable the TV now!
2018-05-19 03:36:00    d    TVHealthLogic    diff: 1526715360,Current hour:3,mins:36
2018-05-19 03:41:18    d    TVHealthLogic    diff: 1526715678,Current hour:3,mins:41
2018-05-19 03:41:18    d    TVHealthLogic    it is Sat May 19 03:41:18 EDT 2018,disable the TV now!
2018-05-19 03:46:37    d    TVHealthLogic    it is Sat May 19 03:46:37 EDT 2018,disable the TV now!
2018-05-19 03:46:37    d    TVHealthLogic    diff: 1526715997,Current hour:3,mins:46
2018-05-19 03:52:00    d    TVHealthLogic    diff: 1526716320,Current hour:3,mins:52
2018-05-19 03:52:00    d    TVHealthLogic    it is Sat May 19 03:52:00 EDT 2018,disable the TV now!
2018-05-19 03:57:21    d    TVHealthLogic    it is Sat May 19 03:57:21 EDT 2018,disable the TV now!
2018-05-19 03:57:21    d    TVHealthLogic    diff: 1526716641,Current hour:3,mins:57
2018-05-19 04:02:40    d    TVHealthLogic    it is Sat May 19 04:02:40 EDT 2018,disable the TV now!
2018-05-19 04:02:40    d    TVHealthLogic    diff: 1526716960,Current hour:4,mins:2
2018-05-19 04:08:00    d    TVHealthLogic    diff: 1526717280,Current hour:4,mins:8
2018-05-19 04:08:00    d    TVHealthLogic    it is Sat May 19 04:08:00 EDT 2018,disable the TV now!
2018-05-19 04:13:18    d    TVHealthLogic    it is Sat May 19 04:13:18 EDT 2018,disable the TV now!
2018-05-19 04:13:18    d    TVHealthLogic    diff: 1526717598,Current hour:4,mins:13
2018-05-19 04:18:37    d    TVHealthLogic    diff: 1526717917,Current hour:4,mins:18
2018-05-19 04:18:37    d    TVHealthLogic    it is Sat May 19 04:18:37 EDT 2018,disable the TV now!
2018-05-19 04:23:56    d    TVHealthLogic    it is Sat May 19 04:23:56 EDT 2018,disable the TV now!
2018-05-19 04:23:56    d    TVHealthLogic    diff: 1526718236,Current hour:4,mins:23
2018-05-19 04:24:00    d    TVHealthLogic    diff: 1526718240,Current hour:4,mins:24
2018-05-19 04:24:00    d    TVHealthLogic    it is Sat May 19 04:24:00 EDT 2018,disable the TV now!
2018-05-19 04:29:15    d    TVHealthLogic    it is Sat May 19 04:29:15 EDT 2018,disable the TV now!
2018-05-19 04:29:15    d    TVHealthLogic    diff: 1526718555,Current hour:4,mins:29
2018-05-19 04:34:34    d    TVHealthLogic    diff: 1526718874,Current hour:4,mins:34
2018-05-19 04:34:34    d    TVHealthLogic    it is Sat May 19 04:34:34 EDT 2018,disable the TV now!
2018-05-19 04:39:53    d    TVHealthLogic    it is Sat May 19 04:39:53 EDT 2018,disable the TV now!
2018-05-19 04:39:53    d    TVHealthLogic    diff: 1526719193,Current hour:4,mins:39
2018-05-19 04:40:10    d    TVHealthLogic    it is Sat May 19 04:40:10 EDT 2018,disable the TV now!
2018-05-19 04:40:10    d    TVHealthLogic    diff: 1526719210,Current hour:4,mins:40
2018-05-19 04:45:11    d    TVHealthLogic    diff: 1526719511,Current hour:4,mins:45
2018-05-19 04:45:11    d    TVHealthLogic    it is Sat May 19 04:45:11 EDT 2018,disable the TV now!
2018-05-19 04:50:31    d    TVHealthLogic    it is Sat May 19 04:50:31 EDT 2018,disable the TV now!
2018-05-19 04:50:31    d    TVHealthLogic    diff: 1526719831,Current hour:4,mins:50
2018-05-19 04:55:50    d    TVHealthLogic    it is Sat May 19 04:55:50 EDT 2018,disable the TV now!
2018-05-19 04:55:50    d    TVHealthLogic    diff: 1526720150,Current hour:4,mins:55
2018-05-19 04:56:00    d    TVHealthLogic    it is Sat May 19 04:56:00 EDT 2018,disable the TV now!
2018-05-19 04:56:00    d    TVHealthLogic    diff: 1526720160,Current hour:4,mins:56
2018-05-19 05:01:09    d    TVHealthLogic    diff: 1526720469,Current hour:5,mins:1
2018-05-19 05:06:28    d    TVHealthLogic    diff: 1526720788,Current hour:5,mins:6
2018-05-19 05:11:47    d    TVHealthLogic    diff: 1526721107,Current hour:5,mins:11
2018-05-19 05:12:00    d    TVHealthLogic    diff: 1526721120,Current hour:5,mins:12
2018-05-19 05:17:06    d    TVHealthLogic    diff: 1526721426,Current hour:5,mins:17
2018-05-19 05:22:24    d    TVHealthLogic    diff: 1526721744,Current hour:5,mins:22
2018-05-19 05:27:42    d    TVHealthLogic    diff: 1526722062,Current hour:5,mins:27
2018-05-19 05:28:42    d    TVHealthLogic    diff: 1526722122,Current hour:5,mins:28
2018-05-19 05:29:42    d    TVHealthLogic    diff: 1526722182,Current hour:5,mins:29
2018-05-19 05:31:30    d    TVHealthLogic    diff: 1526722290,Current hour:5,mins:31
2018-05-19 05:36:48    d    TVHealthLogic    diff: 1526722608,Current hour:5,mins:36
2018-05-19 05:42:07    d    TVHealthLogic    diff: 1526722927,Current hour:5,mins:42
2018-05-19 05:47:28    d    TVHealthLogic    diff: 1526723248,Current hour:5,mins:47
2018-05-19 05:52:47    d    TVHealthLogic    diff: 1526723567,Current hour:5,mins:52
2018-05-19 05:53:00    d    TVHealthLogic    diff: 1526723580,Current hour:5,mins:53
2018-05-19 05:58:07    d    TVHealthLogic    diff: 1526723887,Current hour:5,mins:58
2018-05-19 06:03:26    d    TVHealthLogic    diff: 1526724206,Current hour:6,mins:3
2018-05-19 06:08:44    d    TVHealthLogic    diff: 1526724524,Current hour:6,mins:8
2018-05-19 06:14:03    d    TVHealthLogic    diff: 1526724843,Current hour:6,mins:14
2018-05-19 06:19:21    d    TVHealthLogic    diff: 1526725161,Current hour:6,mins:19
2018-05-19 06:24:40    d    TVHealthLogic    diff: 1526725480,Current hour:6,mins:24
2018-05-19 06:30:00    d    TVHealthLogic    diff: 1526725800,Current hour:6,mins:30
2018-05-19 06:35:19    d    TVHealthLogic    diff: 1526726119,Current hour:6,mins:35
2018-05-19 06:40:38    d    TVHealthLogic    diff: 1526726438,Current hour:6,mins:40
2018-05-19 06:45:57    d    TVHealthLogic    diff: 1526726757,Current hour:6,mins:45
2018-05-19 06:46:00    d    TVHealthLogic    diff: 1526726760,Current hour:6,mins:46
2018-05-19 06:51:16    d    TVHealthLogic    diff: 1526727076,Current hour:6,mins:51
2018-05-19 06:56:35    d    TVHealthLogic    diff: 1526727395,Current hour:6,mins:56
2018-05-19 07:00:00    d    TVHealthLogic    diff: 1526727600,Current hour:7,mins:0
2018-05-19 07:05:19    d    TVHealthLogic    diff: 1526727919,Current hour:7,mins:5
2018-05-19 07:10:37    d    TVHealthLogic    diff: 1526728237,Current hour:7,mins:10
2018-05-19 07:15:55    d    TVHealthLogic    diff: 1526728555,Current hour:7,mins:15
2018-05-19 07:21:13    d    TVHealthLogic    diff: 1526728873,Current hour:7,mins:21
2018-05-19 07:26:32    d    TVHealthLogic    diff: 1526729192,Current hour:7,mins:26
2018-05-19 07:31:51    d    TVHealthLogic    diff: 1526729511,Current hour:7,mins:31
2018-05-19 07:32:00    d    TVHealthLogic    diff: 1526729520,Current hour:7,mins:32
2018-05-19 07:37:10    d    TVHealthLogic    diff: 1526729830,Current hour:7,mins:37
2018-05-19 07:42:28    d    TVHealthLogic    diff: 1526730148,Current hour:7,mins:42
2018-05-19 07:47:47    d    TVHealthLogic    diff: 1526730467,Current hour:7,mins:47
2018-05-19 07:48:00    d    TVHealthLogic    diff: 1526730480,Current hour:7,mins:48
2018-05-19 07:53:06    d    TVHealthLogic    diff: 1526730786,Current hour:7,mins:53
2018-05-19 07:58:24    d    TVHealthLogic    diff: 1526731104,Current hour:7,mins:58
2018-05-19 08:03:43    d    TVHealthLogic    diff: 1526731423,Current hour:8,mins:3
2018-05-19 08:09:02    d    TVHealthLogic    diff: 1526731742,Current hour:8,mins:9
2018-05-19 08:14:21    d    TVHealthLogic    diff: 1526732061,Current hour:8,mins:14
2018-05-19 08:19:40    d    TVHealthLogic    diff: 1526732380,Current hour:8,mins:19
2018-05-19 08:25:00    d    TVHealthLogic    diff: 1526732700,Current hour:8,mins:25
2018-05-19 08:26:00    d    TVHealthLogic    diff: 1526732760,Current hour:8,mins:26
2018-05-19 08:27:00    d    TVHealthLogic    diff: 1526732820,Current hour:8,mins:27
2018-05-19 08:32:58    d    TVHealthLogic    diff: 1526733178,Current hour:8,mins:32
2018-05-19 08:33:00    d    TVHealthLogic    diff: 1526733180,Current hour:8,mins:33
2018-05-19 08:38:17    d    TVHealthLogic    diff: 1526733497,Current hour:8,mins:38
2018-05-19 08:43:35    d    TVHealthLogic    diff: 1526733815,Current hour:8,mins:43
2018-05-19 08:48:53    d    TVHealthLogic    diff: 1526734133,Current hour:8,mins:48
2018-05-19 08:49:24    d    TVHealthLogic    diff: 1526734164,Current hour:8,mins:49
2018-05-19 08:54:43    d    TVHealthLogic    diff: 1526734483,Current hour:8,mins:54
2018-05-19 09:00:02    d    TVHealthLogic    diff: 1526734802,Current hour:9,mins:0
2018-05-19 09:05:21    d    TVHealthLogic    diff: 1526735121,Current hour:9,mins:5
2018-05-19 09:10:39    d    TVHealthLogic    diff: 1526735439,Current hour:9,mins:10
2018-05-19 09:16:00    d    TVHealthLogic    diff: 1526735760,Current hour:9,mins:16
2018-05-19 09:21:19    d    TVHealthLogic    diff: 1526736079,Current hour:9,mins:21
2018-05-19 09:26:39    d    TVHealthLogic    diff: 1526736399,Current hour:9,mins:26
2018-05-19 09:27:10    d    TVHealthLogic    diff: 1526736430,Current hour:9,mins:27
2018-05-19 09:32:28    d    TVHealthLogic    diff: 1526736748,Current hour:9,mins:32
2018-05-19 09:37:48    d    TVHealthLogic    diff: 1526737068,Current hour:9,mins:37
2018-05-19 09:38:00    d    TVHealthLogic    diff: 1526737080,Current hour:9,mins:38
2018-05-19 09:43:07    d    TVHealthLogic    diff: 1526737387,Current hour:9,mins:43
2018-05-19 09:48:26    d    TVHealthLogic    diff: 1526737706,Current hour:9,mins:48
2018-05-19 09:53:45    d    TVHealthLogic    diff: 1526738025,Current hour:9,mins:53
2018-05-19 09:54:00    d    TVHealthLogic    diff: 1526738040,Current hour:9,mins:54
2018-05-19 09:59:29    d    TVHealthLogic    diff: 1526738369,Current hour:9,mins:59
2018-05-19 10:05:19    d    TVHealthLogic    diff: 1526738719,Current hour:10,mins:5
2018-05-19 10:10:38    d    TVHealthLogic    diff: 1526739038,Current hour:10,mins:10
2018-05-19 10:15:57    d    TVHealthLogic    diff: 1526739357,Current hour:10,mins:15
2018-05-19 10:16:00    d    TVHealthLogic    diff: 1526739360,Current hour:10,mins:16
2018-05-19 10:21:15    d    TVHealthLogic    diff: 1526739675,Current hour:10,mins:21
2018-05-19 10:26:33    d    TVHealthLogic    diff: 1526739993,Current hour:10,mins:26
2018-05-19 10:31:52    d    TVHealthLogic    diff: 1526740312,Current hour:10,mins:31
2018-05-19 10:32:00    d    TVHealthLogic    diff: 1526740320,Current hour:10,mins:32
2018-05-19 10:37:11    d    TVHealthLogic    diff: 1526740631,Current hour:10,mins:37
2018-05-19 10:42:29    d    TVHealthLogic    diff: 1526740949,Current hour:10,mins:42
2018-05-19 10:47:48    d    TVHealthLogic    diff: 1526741268,Current hour:10,mins:47
2018-05-19 10:48:00    d    TVHealthLogic    diff: 1526741280,Current hour:10,mins:48
2018-05-19 10:53:07    d    TVHealthLogic    diff: 1526741587,Current hour:10,mins:53
2018-05-19 10:58:26    d    TVHealthLogic    diff: 1526741906,Current hour:10,mins:58
2018-05-19 11:03:45    d    TVHealthLogic    diff: 1526742225,Current hour:11,mins:3
2018-05-19 11:04:00    d    TVHealthLogic    diff: 1526742240,Current hour:11,mins:4
2018-05-19 11:09:04    d    TVHealthLogic    diff: 1526742544,Current hour:11,mins:9
2018-05-19 11:14:23    d    TVHealthLogic    diff: 1526742863,Current hour:11,mins:14
2018-05-19 11:19:42    d    TVHealthLogic    diff: 1526743182,Current hour:11,mins:19
2018-05-19 11:25:01    d    TVHealthLogic    diff: 1526743501,Current hour:11,mins:25
2018-05-19 11:26:01    d    TVHealthLogic    diff: 1526743561,Current hour:11,mins:26
2018-05-19 11:27:01    d    TVHealthLogic    diff: 1526743621,Current hour:11,mins:27
2018-05-19 11:32:51    d    TVHealthLogic    diff: 1526743971,Current hour:11,mins:32
2018-05-19 11:33:00    d    TVHealthLogic    diff: 1526743980,Current hour:11,mins:33
2018-05-19 11:38:10    d    TVHealthLogic    diff: 1526744290,Current hour:11,mins:38
2018-05-19 11:39:47    d    TVHealthLogic    diff: 1526744387,Current hour:11,mins:39
2018-05-19 11:40:10    d    TVHealthLogic    diff: 1526744410,Current hour:11,mins:40
2018-05-19 11:41:00    d    TVHealthLogic    diff: 1526744460,Current hour:11,mins:41
2018-05-19 11:41:01    d        receive client's data: {"url4open":"https://www.dnvod.tv/Movie/Readyplay.aspx?id=NgwNo%2fq3Gb8%3d","my_event":"open_url"}
2018-05-19 11:41:01    d        currentRemoteIp:192.168.0.102,currentRemoteAddress:( f,currentRemoteHostname:192.168.0.102
2018-05-19 11:41:01    d    OpenBrowser    open the url:https://www.dnvod.tv/Movie/Readyplay.aspx?id=NgwNo%2fq3Gb8%3d in browser....
2018-05-19 11:41:01    d        UDP is waiting for client's request at:18888
2018-05-19 11:42:00    d    TVHealthLogic    diff: 1526744520,Current hour:11,mins:42
2018-05-19 11:43:01    d    TVHealthLogic    diff: 1526744581,Current hour:11,mins:43
2018-05-19 11:44:01    d    TVHealthLogic    diff: 1526744641,Current hour:11,mins:44
2018-05-19 11:45:01    d    TVHealthLogic    diff: 1526744701,Current hour:11,mins:45
2018-05-19 11:46:01    d    TVHealthLogic    diff: 1526744761,Current hour:11,mins:46
2018-05-19 11:47:02    d    TVHealthLogic    diff: 1526744822,Current hour:11,mins:47
2018-05-19 11:48:02    d    TVHealthLogic    diff: 1526744882,Current hour:11,mins:48
2018-05-19 11:49:02    d    TVHealthLogic    diff: 1526744942,Current hour:11,mins:49
2018-05-19 11:50:03    d    TVHealthLogic    diff: 1526745003,Current hour:11,mins:50
2018-05-19 11:51:03    d    TVHealthLogic    diff: 1526745063,Current hour:11,mins:51
2018-05-19 11:52:03    d    TVHealthLogic    diff: 1526745123,Current hour:11,mins:52
2018-05-19 11:53:03    d    TVHealthLogic    diff: 1526745183,Current hour:11,mins:53
2018-05-19 11:54:04    d    TVHealthLogic    diff: 1526745244,Current hour:11,mins:54
2018-05-19 11:54:14    d        currentRemoteIp:192.168.0.103,currentRemoteAddress:( g,currentRemoteHostname:192.168.0.103
2018-05-19 11:54:14    d        receive client's data: {"url4open":"https://m.dnvod.tv/movie/play?id=cJ9djFsQJFk%3D","my_event":"open_url"}
2018-05-19 11:54:14    d    OpenBrowser    open the url:https://m.dnvod.tv/movie/play?id=cJ9djFsQJFk%3D in browser....
2018-05-19 11:54:14    d        UDP is waiting for client's request at:18888
2018-05-19 11:55:04    d    TVHealthLogic    diff: 1526745304,Current hour:11,mins:55
2018-05-19 11:56:05    d    TVHealthLogic    diff: 1526745365,Current hour:11,mins:56
2018-05-19 11:57:05    d    TVHealthLogic    diff: 1526745425,Current hour:11,mins:57
2018-05-19 11:58:44    d    TVHealthLogic    diff: 1526745524,Current hour:11,mins:58
2018-05-19 11:59:44    d    TVHealthLogic    diff: 1526745584,Current hour:11,mins:59
2018-05-19 12:00:44    d    TVHealthLogic    diff: 1526745644,Current hour:12,mins:0
2018-05-19 12:01:44    d    TVHealthLogic    diff: 1526745704,Current hour:12,mins:1
2018-05-19 12:02:00    d    TVHealthLogic    diff: 1526745720,Current hour:12,mins:2
2018-05-19 12:03:00    d    TVHealthLogic    diff: 1526745780,Current hour:12,mins:3
2018-05-19 12:04:00    d    TVHealthLogic    diff: 1526745840,Current hour:12,mins:4
2018-05-19 12:05:00    d    TVHealthLogic    diff: 1526745900,Current hour:12,mins:5
2018-05-19 12:06:01    d    TVHealthLogic    diff: 1526745961,Current hour:12,mins:6
2018-05-19 12:07:01    d    TVHealthLogic    diff: 1526746021,Current hour:12,mins:7
2018-05-19 12:08:14    d    TVHealthLogic    diff: 1526746094,Current hour:12,mins:8
2018-05-19 12:09:44    d    TVHealthLogic    diff: 1526746184,Current hour:12,mins:9
2018-05-19 12:10:00    d    TVHealthLogic    diff: 1526746200,Current hour:12,mins:10
2018-05-19 12:11:00    d    TVHealthLogic    diff: 1526746260,Current hour:12,mins:11
2018-05-19 12:12:00    d    TVHealthLogic    diff: 1526746320,Current hour:12,mins:12
2018-05-19 12:13:01    d    TVHealthLogic    diff: 1526746381,Current hour:12,mins:13
2018-05-19 12:14:01    d    TVHealthLogic    diff: 1526746441,Current hour:12,mins:14
2018-05-19 12:15:01    d    TVHealthLogic    diff: 1526746501,Current hour:12,mins:15
2018-05-19 12:16:02    d    TVHealthLogic    diff: 1526746561,Current hour:12,mins:16
2018-05-19 12:17:02    d    TVHealthLogic    diff: 1526746622,Current hour:12,mins:17
2018-05-19 12:18:02    d    TVHealthLogic    diff: 1526746682,Current hour:12,mins:18
2018-05-19 12:19:02    d    TVHealthLogic    diff: 1526746742,Current hour:12,mins:19
2018-05-19 12:20:03    d    TVHealthLogic    diff: 1526746803,Current hour:12,mins:20
2018-05-19 12:21:03    d    TVHealthLogic    diff: 1526746863,Current hour:12,mins:21
2018-05-19 12:22:03    d    TVHealthLogic    diff: 1526746923,Current hour:12,mins:22
2018-05-19 12:23:04    d    TVHealthLogic    diff: 1526746984,Current hour:12,mins:23
2018-05-19 12:24:04    d    TVHealthLogic    diff: 1526747044,Current hour:12,mins:24
2018-05-19 12:25:04    d    TVHealthLogic    diff: 1526747104,Current hour:12,mins:25
2018-05-19 12:26:05    d    TVHealthLogic    diff: 1526747165,Current hour:12,mins:26
2018-05-19 12:27:27    d    TVHealthLogic    diff: 1526747247,Current hour:12,mins:27
2018-05-19 12:28:28    d    TVHealthLogic    diff: 1526747308,Current hour:12,mins:28
2018-05-19 12:29:28    d    TVHealthLogic    diff: 1526747368,Current hour:12,mins:29
2018-05-19 12:30:28    d    TVHealthLogic    diff: 1526747428,Current hour:12,mins:30
2018-05-19 12:31:29    d    TVHealthLogic    diff: 1526747489,Current hour:12,mins:31
2018-05-19 12:32:29    d    TVHealthLogic    diff: 1526747549,Current hour:12,mins:32
2018-05-19 12:33:29    d    TVHealthLogic    diff: 1526747609,Current hour:12,mins:33
2018-05-19 12:34:42    d    TVHealthLogic    diff: 1526747682,Current hour:12,mins:34
2018-05-19 12:35:42    d    TVHealthLogic    diff: 1526747742,Current hour:12,mins:35
2018-05-19 12:36:43    d    TVHealthLogic    diff: 1526747803,Current hour:12,mins:36
2018-05-19 12:37:43    d    TVHealthLogic    diff: 1526747863,Current hour:12,mins:37
2018-05-19 12:38:44    d    TVHealthLogic    diff: 1526747924,Current hour:12,mins:38
2018-05-19 12:39:44    d    TVHealthLogic    diff: 1526747984,Current hour:12,mins:39
2018-05-19 12:40:10    d    TVHealthLogic    diff: 1526748010,Current hour:12,mins:40
2018-05-19 12:41:00    d    TVHealthLogic    diff: 1526748060,Current hour:12,mins:41
2018-05-19 12:42:00    d    TVHealthLogic    diff: 1526748120,Current hour:12,mins:42
2018-05-19 12:43:00    d    TVHealthLogic    diff: 1526748180,Current hour:12,mins:43
2018-05-19 12:44:00    d    TVHealthLogic    diff: 1526748240,Current hour:12,mins:44
2018-05-19 12:45:01    d    TVHealthLogic    diff: 1526748301,Current hour:12,mins:45
2018-05-19 12:45:03    d        receive client's data: {"url4open":"https://www.dnvod.tv/Movie/Readyplay.aspx?id=cJ9djFsQJFk%3d","my_event":"open_url"}
2018-05-19 12:45:03    d        currentRemoteIp:192.168.0.102,currentRemoteAddress:( f,currentRemoteHostname:192.168.0.102
2018-05-19 12:45:03    d    OpenBrowser    open the url:https://www.dnvod.tv/Movie/Readyplay.aspx?id=cJ9djFsQJFk%3d in browser....
2018-05-19 12:45:03    d        UDP is waiting for client's request at:18888
2018-05-19 12:46:38    d    TVHealthLogic    diff: 1526748398,Current hour:12,mins:46
2018-05-19 12:47:38    d    TVHealthLogic    diff: 1526748458,Current hour:12,mins:47
2018-05-19 12:48:38    d    TVHealthLogic    diff: 1526748518,Current hour:12,mins:48
2018-05-19 12:49:39    d    TVHealthLogic    diff: 1526748579,Current hour:12,mins:49
2018-05-19 12:50:39    d    TVHealthLogic    diff: 1526748639,Current hour:12,mins:50
2018-05-19 12:51:39    d    TVHealthLogic    diff: 1526748699,Current hour:12,mins:51
2018-05-19 12:52:40    d    TVHealthLogic    diff: 1526748760,Current hour:12,mins:52
2018-05-19 12:53:40    d    TVHealthLogic    diff: 1526748820,Current hour:12,mins:53
2018-05-19 12:54:40    d    TVHealthLogic    diff: 1526748880,Current hour:12,mins:54
2018-05-19 12:55:40    d    TVHealthLogic    diff: 1526748940,Current hour:12,mins:55
2018-05-19 12:56:41    d    TVHealthLogic    diff: 1526749001,Current hour:12,mins:56
2018-05-19 12:57:41    d    TVHealthLogic    diff: 1526749061,Current hour:12,mins:57
2018-05-19 12:58:44    d    TVHealthLogic    diff: 1526749124,Current hour:12,mins:58
2018-05-19 12:59:00    d    TVHealthLogic    diff: 1526749140,Current hour:12,mins:59
2018-05-19 13:00:00    d    TVHealthLogic    diff: 1526749200,Current hour:13,mins:0
2018-05-19 13:01:00    d    TVHealthLogic    diff: 1526749260,Current hour:13,mins:1
2018-05-19 13:02:00    d    TVHealthLogic    diff: 1526749320,Current hour:13,mins:2
2018-05-19 13:03:00    d    TVHealthLogic    diff: 1526749380,Current hour:13,mins:3
2018-05-19 13:04:01    d    TVHealthLogic    diff: 1526749441,Current hour:13,mins:4
2018-05-19 13:05:01    d    TVHealthLogic    diff: 1526749501,Current hour:13,mins:5
2018-05-19 13:06:01    d    TVHealthLogic    diff: 1526749561,Current hour:13,mins:6
2018-05-19 13:07:36    d    TVHealthLogic    diff: 1526749656,Current hour:13,mins:7
2018-05-19 13:08:37    d    TVHealthLogic    diff: 1526749717,Current hour:13,mins:8
2018-05-19 13:09:44    d    TVHealthLogic    diff: 1526749784,Current hour:13,mins:9
2018-05-19 13:10:10    d    TVHealthLogic    diff: 1526749810,Current hour:13,mins:10
2018-05-19 13:11:00    d    TVHealthLogic    diff: 1526749860,Current hour:13,mins:11
2018-05-19 13:12:00    d    TVHealthLogic    diff: 1526749920,Current hour:13,mins:12
2018-05-19 13:13:00    d    TVHealthLogic    diff: 1526749980,Current hour:13,mins:13
2018-05-19 13:14:01    d    TVHealthLogic    diff: 1526750041,Current hour:13,mins:14
2018-05-19 13:15:01    d    TVHealthLogic    diff: 1526750101,Current hour:13,mins:15
2018-05-19 13:16:38    d    TVHealthLogic    diff: 1526750198,Current hour:13,mins:16
2018-05-19 13:17:14    d    TVHealthLogic    diff: 1526750234,Current hour:13,mins:17
2018-05-19 13:18:00    d    TVHealthLogic    diff: 1526750280,Current hour:13,mins:18
2018-05-19 13:19:00    d    TVHealthLogic    diff: 1526750340,Current hour:13,mins:19
2018-05-19 13:20:00    d    TVHealthLogic    diff: 1526750400,Current hour:13,mins:20
2018-05-19 13:21:00    d    TVHealthLogic    diff: 1526750460,Current hour:13,mins:21
2018-05-19 13:22:01    d    TVHealthLogic    diff: 1526750521,Current hour:13,mins:22
2018-05-19 13:23:01    d    TVHealthLogic    diff: 1526750581,Current hour:13,mins:23
2018-05-19 13:24:01    d    TVHealthLogic    diff: 1526750641,Current hour:13,mins:24
2018-05-19 13:25:02    d    TVHealthLogic    diff: 1526750702,Current hour:13,mins:25
2018-05-19 13:26:02    d    TVHealthLogic    diff: 1526750762,Current hour:13,mins:26
2018-05-19 13:27:02    d    TVHealthLogic    diff: 1526750822,Current hour:13,mins:27
2018-05-19 13:28:19    d    TVHealthLogic    diff: 1526750899,Current hour:13,mins:28
2018-05-19 13:29:19    d    TVHealthLogic    diff: 1526750959,Current hour:13,mins:29
2018-05-19 13:30:20    d    TVHealthLogic    diff: 1526751020,Current hour:13,mins:30
2018-05-19 13:31:20    d    TVHealthLogic    diff: 1526751080,Current hour:13,mins:31
2018-05-19 13:32:28    d    TVHealthLogic    diff: 1526751148,Current hour:13,mins:32
2018-05-19 13:33:14    e    LocalApplication    the interval is invalid :com.android.sony.tv.app.LocalApplication$2@54ff4a2
2018-05-19 13:33:14    d    LocalApplication    initializers:[com.android.sony.tv.app.LocalApplication$3@6e0b533, com.android.sony.tv.config.inits.DeviceStatistics@d54e0f0, com.android.sony.tv.config.inits.TVServiceStart@34d1669, com.android.sony.tv.config.inits.HealthTVUDPServer@2dcb8ee]
2018-05-19 13:33:14    d    LocalApplication    initializers length:4
2018-05-19 13:33:14    d    LocalApplication    invoking initializer:com.android.sony.tv.app.LocalApplication$3@6e0b533
2018-05-19 13:33:14    d    LocalApplication    invoking initializer:com.android.sony.tv.app.LocalApplication$3@6e0b533 done!
2018-05-19 13:33:14    d    LocalApplication    invoking initializer:com.android.sony.tv.config.inits.DeviceStatistics@d54e0f0
2018-05-19 13:33:14    d    DeviceStatistics    Build.MANUFACTURER:Sony
2018-05-19 13:33:15    d    DeviceStatistics    Build.HARDWARE:mt5891
2018-05-19 13:33:15    d    DeviceStatistics    Build.BOOTLOADER:unknown
2018-05-19 13:33:15    d    DeviceStatistics    Build.BRAND:Sony
2018-05-19 13:33:15    d    DeviceStatistics    Build.DEVICE:BRAVIA_ATV2
2018-05-19 13:33:15    d    DeviceStatistics    Build.HOST:BuildHost66
2018-05-19 13:33:15    d    DeviceStatistics    Build.FINGERPRINT:Sony/BRAVIA_ATV2_UC/BRAVIA_ATV2:7.0/NRD91N.S86/1.6.0.26.69.1.00:user/release-keys
2018-05-19 13:33:15    d    DeviceStatistics    Build.MODEL:BRAVIA 4K GB
2018-05-19 13:33:15    d    DeviceStatistics    Build.ID:NRD91N.S86
2018-05-19 13:33:15    d    DeviceStatistics    Build.PRODUCT:BRAVIA_ATV2_UC
2018-05-19 13:33:15    d    DeviceStatistics    Build.SERIAL:3cc11f014135791
2018-05-19 13:33:15    d    DeviceStatistics    Build.DISPLAY:BRAVIA_ATV2_UC-user 7.0 NRD91N.S86 1.6.0.26.69.1.00 release-keys
2018-05-19 13:33:15    d    DeviceStatistics    Build.VERSION.SDK_INT:24
2018-05-19 13:33:15    d    LocalApplication    invoking initializer:com.android.sony.tv.config.inits.DeviceStatistics@d54e0f0 done!
2018-05-19 13:33:15    d    LocalApplication    invoking initializer:com.android.sony.tv.config.inits.TVServiceStart@34d1669
2018-05-19 13:33:15    d    LocalApplication    invoking initializer:com.android.sony.tv.config.inits.TVServiceStart@34d1669 done!
2018-05-19 13:33:15    d    LocalApplication    invoking initializer:com.android.sony.tv.config.inits.HealthTVUDPServer@2dcb8ee
2018-05-19 13:33:15    d    HealthTVUDPServer    onInit in  HealthTV UDP Server18888
2018-05-19 13:33:15    d    LocalApplication    invoking initializer:com.android.sony.tv.config.inits.HealthTVUDPServer@2dcb8ee done!
2018-05-19 13:33:15    d    LocalApplication    scanners:[]
2018-05-19 13:33:15    d    TVHealthLogic    diff: 1526751195,Current hour:13,mins:33
2018-05-19 13:33:15    d    TVService    TVService started....
2018-05-19 13:33:15    d    TVService    TVService onStartCommand....
2018-05-19 13:33:15    d    TVService    TVService is not started yet,let me start it now....
2018-05-19 13:33:15    d        Start UDP Server at: 18888
2018-05-19 13:33:15    d        UDP is waiting for client's request at:18888
2018-05-19 13:33:16    d    TVHealthLogic    diff: 1526751196,Current hour:13,mins:33
2018-05-19 13:34:00    d    TVHealthLogic    diff: 1526751240,Current hour:13,mins:34
2018-05-19 13:35:00    d    TVHealthLogic    diff: 1526751300,Current hour:13,mins:35
2018-05-19 13:36:18    d    TVHealthLogic    diff: 1526751378,Current hour:13,mins:36
2018-05-19 13:37:18    d    TVHealthLogic    diff: 1526751438,Current hour:13,mins:37
2018-05-19 13:38:13    d    TVHealthLogic    diff: 1526751493,Current hour:13,mins:38
2018-05-19 13:39:44    d    TVHealthLogic    diff: 1526751584,Current hour:13,mins:39
2018-05-19 13:40:10    d    TVHealthLogic    diff: 1526751610,Current hour:13,mins:40
2018-05-19 13:41:00    d    TVHealthLogic    diff: 1526751660,Current hour:13,mins:41
2018-05-19 13:42:12    d    TVHealthLogic    diff: 1526751732,Current hour:13,mins:42
2018-05-19 13:43:12    d    TVHealthLogic    diff: 1526751792,Current hour:13,mins:43
2018-05-19 13:44:12    d    TVHealthLogic    diff: 1526751852,Current hour:13,mins:44
2018-05-19 13:45:13    d    TVHealthLogic    diff: 1526751913,Current hour:13,mins:45
2018-05-19 13:46:13    d    TVHealthLogic    diff: 1526751973,Current hour:13,mins:46
2018-05-19 13:47:13    d    TVHealthLogic    diff: 1526752033,Current hour:13,mins:47
2018-05-19 13:48:33    d    TVHealthLogic    diff: 1526752113,Current hour:13,mins:48
2018-05-19 13:49:08    d    TVHealthLogic    diff: 1526752148,Current hour:13,mins:49
2018-05-19 13:50:00    d    TVHealthLogic    diff: 1526752200,Current hour:13,mins:50
2018-05-19 13:51:00    d    TVHealthLogic    diff: 1526752260,Current hour:13,mins:51
2018-05-19 13:52:00    d    TVHealthLogic    diff: 1526752320,Current hour:13,mins:52
2018-05-19 13:53:00    d    TVHealthLogic    diff: 1526752380,Current hour:13,mins:53
2018-05-19 13:54:14    d    TVHealthLogic    diff: 1526752454,Current hour:13,mins:54
2018-05-19 13:55:14    d    TVHealthLogic    diff: 1526752514,Current hour:13,mins:55
2018-05-19 13:56:14    d    TVHealthLogic    diff: 1526752574,Current hour:13,mins:56
2018-05-19 13:59:08    d    BootBroadcastReceiver    TV start in BootBroadcastReceiver......
2018-05-19 13:59:08    d    TVService    TVService onStartCommand....
2018-05-19 13:59:25    d    TVHealthLogic    diff: 1526752765,Current hour:13,mins:59
2018-05-19 13:59:29    d    TVHealthLogic    diff: 1526752769,Current hour:13,mins:59
2018-05-19 13:59:52    d    TVHealthLogic    diff: 1526752792,Current hour:13,mins:59
2018-05-19 14:00:40    d    TVHealthLogic    diff: 1526752840,Current hour:14,mins:0
2018-05-19 14:01:01    d    TVHealthLogic    diff: 1526752861,Current hour:14,mins:1
2018-05-19 14:02:01    d    TVHealthLogic    diff: 1526752921,Current hour:14,mins:2
2018-05-19 14:03:28    d    TVHealthLogic    diff: 1526753008,Current hour:14,mins:3
2018-05-19 14:04:29    d    TVHealthLogic    diff: 1526753069,Current hour:14,mins:4
2018-05-19 14:05:29    d    TVHealthLogic    diff: 1526753129,Current hour:14,mins:5
2018-05-19 14:06:29    d    TVHealthLogic    diff: 1526753189,Current hour:14,mins:6
2018-05-19 14:07:29    d    TVHealthLogic    diff: 1526753249,Current hour:14,mins:7
2018-05-19 14:08:29    d    TVHealthLogic    diff: 1526753309,Current hour:14,mins:8
2018-05-19 14:09:29    d    TVHealthLogic    diff: 1526753369,Current hour:14,mins:9
2018-05-19 14:10:30    d    TVHealthLogic    diff: 1526753430,Current hour:14,mins:10
2018-05-19 14:11:30    d    TVHealthLogic    diff: 1526753490,Current hour:14,mins:11
2018-05-19 14:12:30    d    TVHealthLogic    diff: 1526753550,Current hour:14,mins:12
2018-05-19 14:13:30    d    TVHealthLogic    diff: 1526753610,Current hour:14,mins:13
2018-05-19 14:14:30    d    TVHealthLogic    diff: 1526753670,Current hour:14,mins:14
2018-05-19 14:15:30    d    TVHealthLogic    diff: 1526753730,Current hour:14,mins:15
2018-05-19 14:16:30    d    TVHealthLogic    diff: 1526753790,Current hour:14,mins:16
2018-05-19 14:17:47    d    LocalApplication    initializers:[com.android.sony.tv.app.LocalApplication$3@f4bc2a3, com.android.sony.tv.config.inits.DeviceStatistics@5a1b9a0, com.android.sony.tv.config.inits.TVServiceStart@e2af959, com.android.sony.tv.config.inits.HealthTVUDPServer@41b791e]
2018-05-19 14:17:47    e    LocalApplication    the interval is invalid :com.android.sony.tv.app.LocalApplication$2@2d211d2
2018-05-19 14:17:47    d    LocalApplication    initializers length:4
2018-05-19 14:17:47    d    LocalApplication    invoking initializer:com.android.sony.tv.app.LocalApplication$3@f4bc2a3
2018-05-19 14:17:47    d    LocalApplication    invoking initializer:com.android.sony.tv.app.LocalApplication$3@f4bc2a3 done!
2018-05-19 14:17:48    d    LocalApplication    invoking initializer:com.android.sony.tv.config.inits.DeviceStatistics@5a1b9a0
2018-05-19 14:17:48    d    DeviceStatistics    Build.MANUFACTURER:Sony
2018-05-19 14:17:49    d    DeviceStatistics    Build.HARDWARE:mt5891
2018-05-19 14:17:49    d    DeviceStatistics    Build.BOOTLOADER:unknown
2018-05-19 14:17:49    d    DeviceStatistics    Build.BRAND:Sony
2018-05-19 14:17:49    d    DeviceStatistics    Build.FINGERPRINT:Sony/BRAVIA_ATV2_UC/BRAVIA_ATV2:7.0/NRD91N.S86/1.6.0.26.69.1.00:user/release-keys
2018-05-19 14:17:49    d    DeviceStatistics    Build.DEVICE:BRAVIA_ATV2
2018-05-19 14:17:49    d    DeviceStatistics    Build.HOST:BuildHost66
2018-05-19 14:17:49    d    DeviceStatistics    Build.ID:NRD91N.S86
2018-05-19 14:17:49    d    DeviceStatistics    Build.MODEL:BRAVIA 4K GB
2018-05-19 14:17:49    d    DeviceStatistics    Build.PRODUCT:BRAVIA_ATV2_UC
2018-05-19 14:17:49    d    DeviceStatistics    Build.SERIAL:3cc11f014135791
2018-05-19 14:17:49    d    DeviceStatistics    Build.VERSION.SDK_INT:24
2018-05-19 14:17:49    d    DeviceStatistics    Build.DISPLAY:BRAVIA_ATV2_UC-user 7.0 NRD91N.S86 1.6.0.26.69.1.00 release-keys
2018-05-19 14:17:49    d    LocalApplication    invoking initializer:com.android.sony.tv.config.inits.DeviceStatistics@5a1b9a0 done!
2018-05-19 14:17:49    d    LocalApplication    invoking initializer:com.android.sony.tv.config.inits.TVServiceStart@e2af959
2018-05-19 14:17:49    d    LocalApplication    invoking initializer:com.android.sony.tv.config.inits.TVServiceStart@e2af959 done!
2018-05-19 14:17:49    d    HealthTVUDPServer    onInit in  HealthTV UDP Server18888
2018-05-19 14:17:49    d    LocalApplication    invoking initializer:com.android.sony.tv.config.inits.HealthTVUDPServer@41b791e
2018-05-19 14:17:49    d    LocalApplication    invoking initializer:com.android.sony.tv.config.inits.HealthTVUDPServer@41b791e done!
2018-05-19 14:17:49    d    LocalApplication    scanners:[]
2018-05-19 14:17:49    d        UDP is waiting for client's request at:18888
2018-05-19 14:17:49    d        Start UDP Server at: 18888
2018-05-19 14:17:49    d    TVService    TVService started....
2018-05-19 14:17:49    d    TVService    TVService onStartCommand....
2018-05-19 14:17:49    d    TVHealthLogic    diff: 1526753869,Current hour:14,mins:17
2018-05-19 14:17:49    d    TVService    TVService is not started yet,let me start it now....
2018-05-19 14:18:43    d    TVHealthLogic    diff: 1526753923,Current hour:14,mins:18
2018-05-19 14:19:44    d    TVHealthLogic    diff: 1526753984,Current hour:14,mins:19
2018-05-19 14:20:44    d    TVHealthLogic    diff: 1526754044,Current hour:14,mins:20
2018-05-19 14:21:44    d    TVHealthLogic    diff: 1526754104,Current hour:14,mins:21
2018-05-19 14:22:44    d    TVHealthLogic    diff: 1526754164,Current hour:14,mins:22
2018-05-19 14:22:56    d        currentRemoteIp:192.168.0.102,currentRemoteAddress:( f,currentRemoteHostname:192.168.0.102
2018-05-19 14:22:56    d        receive client's data: {"my_event":"udp_echo"}
2018-05-19 14:22:56    d    UDPEcho    currentRemoteIp:192.168.0.102,currentRemoteAddress:( f,currentRemoteHostname:192.168.0.102
2018-05-19 14:22:56    d    UDPEcho    UDPEcho :The TV status:OK
2018-05-19 14:22:56    d        UDP is waiting for client's request at:18888
2018-05-19 14:23:44    d    TVHealthLogic    diff: 1526754224,Current hour:14,mins:23
2018-05-19 14:24:44    d    TVHealthLogic    diff: 1526754284,Current hour:14,mins:24
2018-05-19 14:25:44    d    TVHealthLogic    diff: 1526754344,Current hour:14,mins:25
2018-05-19 14:26:44    d    TVHealthLogic    diff: 1526754404,Current hour:14,mins:26
2018-05-19 14:27:00    d    TVHealthLogic    diff: 1526754420,Current hour:14,mins:27
2018-05-19 14:28:12    d    TVHealthLogic    diff: 1526754492,Current hour:14,mins:28
2018-05-19 14:29:13    d    TVHealthLogic    diff: 1526754553,Current hour:14,mins:29
2018-05-19 14:30:13    d    TVHealthLogic    diff: 1526754613,Current hour:14,mins:30
2018-05-19 14:31:13    d    TVHealthLogic    diff: 1526754673,Current hour:14,mins:31
2018-05-19 14:32:13    d    TVHealthLogic    diff: 1526754733,Current hour:14,mins:32
2018-05-19 14:33:13    d    TVHealthLogic    diff: 1526754793,Current hour:14,mins:33
2018-05-19 14:34:13    d    TVHealthLogic    diff: 1526754853,Current hour:14,mins:34
2018-05-19 14:35:13    d    TVHealthLogic    diff: 1526754913,Current hour:14,mins:35
2018-05-19 14:36:13    d    TVHealthLogic    diff: 1526754973,Current hour:14,mins:36
2018-05-19 14:37:14    d    TVHealthLogic    diff: 1526755034,Current hour:14,mins:37
2018-05-19 14:38:14    d    TVHealthLogic    diff: 1526755094,Current hour:14,mins:38
2018-05-19 14:39:14    d    TVHealthLogic    diff: 1526755154,Current hour:14,mins:39
2018-05-19 14:40:14    d    TVHealthLogic    diff: 1526755214,Current hour:14,mins:40
2018-05-19 14:41:14    d    TVHealthLogic    diff: 1526755274,Current hour:14,mins:41
2018-05-19 14:42:14    d    TVHealthLogic    diff: 1526755334,Current hour:14,mins:42
2018-05-19 14:43:14    d    TVHealthLogic    diff: 1526755394,Current hour:14,mins:43
