2018-05-12 13:20:10    d        here is the response from EPAKAAuthNFirstCall:{"errorcode":"Connection to https:\/\/sentitlement2.mobile.att.net refused"}
2018-05-12 13:20:10    d        Connection to https://sentitlement2.mobile.att.net refused
2018-05-12 13:20:10    d        delivery error_msg:{"errorcode":"Connection to https:\/\/sentitlement2.mobile.att.net refused"}
2018-05-12 13:23:44    d        the akaenv is:PROD
2018-05-12 13:23:44    d        the action is:BRC_DELIVERY_EAP_AKA_TOKEN
2018-05-12 13:23:44    d        the action in MyBroadcastReceiver:BRC_DELIVERY_EAP_AKA_TOKEN
2018-05-12 13:23:44    d        start to send EPAKAAuthNFirstCall....
2018-05-12 13:23:44    d        connect to :https://sentitlement2.mobile.att.net/WFC
2018-05-12 13:23:44    d        in EPAKAAuthNFirstCall .....
2018-05-12 13:23:44    d        request data is:[{"os-type":0,"device-id":"MzU1OTg2MDg0OTUyNzYy","method":"3gppAuthentication","message-id":1,"device-name":"samsung","device-type":0,"imsi-eap":"0310410492527132@nai.epc.mnc410.mcc310.3gppnetwork.org"}]
2018-05-12 13:23:44    d        ok,let`s use gzip...
2018-05-12 13:23:44    d        https connect to : https://sentitlement2.mobile.att.net/WFC
2018-05-12 13:25:51    d        here is the response from EPAKAAuthNFirstCall:{"errorcode":"Connection to https:\/\/sentitlement2.mobile.att.net refused"}
2018-05-12 13:25:51    d        Connection to https://sentitlement2.mobile.att.net refused
2018-05-12 13:25:51    d        delivery error_msg:{"errorcode":"Connection to https:\/\/sentitlement2.mobile.att.net refused"}
2018-05-12 14:19:33    d        the action is:BRC_DELIVERY_EAP_AKA_TOKEN
2018-05-12 14:19:33    d        the action in MyBroadcastReceiver:BRC_DELIVERY_EAP_AKA_TOKEN
2018-05-12 14:19:33    d        start to send EPAKAAuthNFirstCall....
2018-05-12 14:19:33    d        the akaenv is:PROD
2018-05-12 14:19:33    d        in EPAKAAuthNFirstCall .....
2018-05-12 14:19:33    d        connect to :https://sentitlement2.mobile.att.net/WFC
2018-05-12 14:19:33    d        request data is:[{"os-type":0,"device-id":"MzU1OTg2MDg0OTUyNzYy","method":"3gppAuthentication","message-id":1,"device-name":"samsung","device-type":0,"imsi-eap":"0310410492527132@nai.epc.mnc410.mcc310.3gppnetwork.org"}]
2018-05-12 14:19:33    d        ok,let`s use gzip...
2018-05-12 14:19:33    d        https connect to : https://sentitlement2.mobile.att.net/WFC
2018-05-12 14:21:40    d        here is the response from EPAKAAuthNFirstCall:{"errorcode":"Connection to https:\/\/sentitlement2.mobile.att.net refused"}
2018-05-12 14:21:40    d        delivery error_msg:{"errorcode":"Connection to https:\/\/sentitlement2.mobile.att.net refused"}
2018-05-12 14:21:40    d        Connection to https://sentitlement2.mobile.att.net refused
