2018-05-14 14:56:16    d    MyCCIDApplication    initializers length:1
2018-05-14 14:56:16    d    MyCCIDApplication    initializers:[com.att.ccid.application.MyCCIDApplication$2@65df7b0]
2018-05-14 14:56:16    d    MyCCIDApplication    invoking initializer:com.att.ccid.application.MyCCIDApplication$2@65df7b0
2018-05-14 14:56:16    d    MyCCIDApplication    invoking initializer:com.att.ccid.application.MyCCIDApplication$2@65df7b0 done!
2018-05-14 14:56:16    d    MyCCIDApplication    scanners:[]
2018-05-14 14:56:16    d    BaseActivity    initializers:[]
2018-05-14 14:56:16    d    BaseActivity    scanners:[]
2018-05-14 14:56:16    d    AccessTokenManager    access_token expired,just remove it !
2018-05-14 14:56:16    d    WelcomeActivity    the oauthToken:null
2018-05-14 14:56:16    d    WelcomeActivity    no accessToken ,go login and get accessToken
2018-05-14 14:56:19    d    BaseActivity    initializers:[]
2018-05-14 14:56:19    d    BaseActivity    scanners:[]
2018-05-14 14:56:19    d    AccessTokenManager    access_token expired,just remove it !
2018-05-14 14:56:19    d    BaseActivity    cleaners:[com.mycomm.itool.listener.T.MyTListener$2@4827130]
2018-05-14 14:56:19    d    BaseActivity    cleaners length:1
2018-05-14 14:56:19    d    BaseActivity    invoking cleaner:com.mycomm.itool.listener.T.MyTListener$2@4827130
2018-05-14 14:56:19    d    BaseActivity    invoking cleaner:com.mycomm.itool.listener.T.MyTListener$2@4827130 done!
2018-05-14 14:56:20    d    BaseActivity    cleaners:[com.mycomm.itool.listener.T.MyTListener$2@5d3632e]
2018-05-14 14:56:20    d    BaseActivity    cleaners length:1
2018-05-14 14:56:20    d    BaseActivity    invoking cleaner:com.mycomm.itool.listener.T.MyTListener$2@5d3632e
2018-05-14 14:56:20    d    BaseActivity    invoking cleaner:com.mycomm.itool.listener.T.MyTListener$2@5d3632e done!
