2018-05-18 00:43:30    e    MyApplication    the length of initRTC is:2
2018-05-18 00:43:30    e    MyApplication    the item(0)is:com.android.sony.tv.monitor
2018-05-18 00:43:30    e    MyApplication    the item(1)is:10000
2018-05-18 00:43:30    d    LocalApplication    initializers length:2
2018-05-18 00:43:30    d    LocalApplication    invoking initializer:com.android.sony.tv.app.LocalApplication$2@65df7b0
2018-05-18 00:43:30    d    LocalApplication    invoking initializer:com.android.sony.tv.app.LocalApplication$2@65df7b0 done!
2018-05-18 00:43:30    d    LocalApplication    invoking initializer:com.android.sony.tv.config.inits.DeviceStatistics@99a4629
2018-05-18 00:43:30    d    DeviceStatistics    Build.MANUFACTURER:samsung
2018-05-18 00:43:30    d    DeviceStatistics    Build.HARDWARE:qcom
2018-05-18 00:43:30    d    DeviceStatistics    Build.BOOTLOADER:G950USQU1AQC9
2018-05-18 00:43:30    d    LocalApplication    initializers:[com.android.sony.tv.app.LocalApplication$2@65df7b0, com.android.sony.tv.config.inits.DeviceStatistics@99a4629]
2018-05-18 00:43:30    d    DeviceStatistics    Build.BRAND:samsung
2018-05-18 00:43:30    d    DeviceStatistics    Build.DEVICE:dreamqltesq
2018-05-18 00:43:30    d    DeviceStatistics    Build.FINGERPRINT:samsung/dreamqltesq/dreamqltesq:7.0/NRD90M/G950USQU1AQC9:user/release-keys
2018-05-18 00:43:30    d    DeviceStatistics    Build.HOST:SWDG4708
2018-05-18 00:43:30    d    DeviceStatistics    Build.ID:NRD90M
2018-05-18 00:43:30    d    DeviceStatistics    Build.MODEL:SM-G950U
2018-05-18 00:43:30    d    DeviceStatistics    Build.PRODUCT:dreamqltesq
2018-05-18 00:43:30    d    DeviceStatistics    Build.SERIAL:98882947303045444c
2018-05-18 00:43:30    d    DeviceStatistics    Build.DISPLAY:NRD90M.G950USQU1AQC9
2018-05-18 00:43:30    d    DeviceStatistics    Build.VERSION.SDK_INT:24
2018-05-18 00:43:30    d    LocalApplication    invoking initializer:com.android.sony.tv.config.inits.DeviceStatistics@99a4629 done!
2018-05-18 00:43:30    d    LocalApplication    scanners:[]
2018-05-18 00:47:48    d    TVHealthLogic    it is Fri May 18 00:47:48 EDT 2018,disable the TV now!
2018-05-18 00:47:48    d    TVHealthLogic    diff: 1526618868,Current hour:0,mins:47
2018-05-18 00:52:48    d    TVHealthLogic    it is Fri May 18 00:52:48 EDT 2018,disable the TV now!
2018-05-18 00:52:48    d    TVHealthLogic    diff: 1526619168,Current hour:0,mins:52
2018-05-18 00:57:48    d    TVHealthLogic    diff: 1526619468,Current hour:0,mins:57
2018-05-18 00:57:48    d    TVHealthLogic    it is Fri May 18 00:57:48 EDT 2018,disable the TV now!
2018-05-18 01:02:48    d    TVHealthLogic    diff: 1526619768,Current hour:1,mins:2
2018-05-18 01:02:48    d    TVHealthLogic    it is Fri May 18 01:02:48 EDT 2018,disable the TV now!
2018-05-18 01:07:48    d    TVHealthLogic    diff: 1526620068,Current hour:1,mins:7
2018-05-18 01:07:48    d    TVHealthLogic    it is Fri May 18 01:07:48 EDT 2018,disable the TV now!
2018-05-18 10:06:09    d    MyCCIDApplication    initializers length:1
2018-05-18 10:06:09    d    MyCCIDApplication    initializers:[com.att.ccid.application.MyCCIDApplication$2@65df7b0]
2018-05-18 10:06:09    d    MyCCIDApplication    invoking initializer:com.att.ccid.application.MyCCIDApplication$2@65df7b0
2018-05-18 10:06:09    d    MyCCIDApplication    invoking initializer:com.att.ccid.application.MyCCIDApplication$2@65df7b0 done!
2018-05-18 10:06:09    d    MyCCIDApplication    scanners:[]
2018-05-18 10:06:09    d    BaseActivity    initializers:[]
2018-05-18 10:06:09    d    BaseActivity    scanners:[]
2018-05-18 10:06:09    d    AccessTokenManager    access_token expired,just remove it !
2018-05-18 10:06:09    d    WelcomeActivity    no accessToken ,go login and get accessToken
2018-05-18 10:06:09    d    WelcomeActivity    the oauthToken:null
2018-05-18 10:06:11    d    BaseActivity    initializers:[]
2018-05-18 10:06:11    d    BaseActivity    scanners:[]
2018-05-18 10:06:11    d    AccessTokenManager    access_token expired,just remove it !
2018-05-18 10:06:11    d    MyCCIDLoginActivity    the version:2.1.0
2018-05-18 10:06:11    d    MyCCIDLoginActivity    the v===>1
2018-05-18 10:06:11    d    BaseActivity    cleaners:[com.mycomm.itool.listener.T.MyTListener$2@4827130]
2018-05-18 10:06:11    d    BaseActivity    cleaners length:1
2018-05-18 10:06:11    d    BaseActivity    invoking cleaner:com.mycomm.itool.listener.T.MyTListener$2@4827130 done!
2018-05-18 10:06:11    d    BaseActivity    invoking cleaner:com.mycomm.itool.listener.T.MyTListener$2@4827130
2018-05-18 10:06:12    d    MyCCIDLoginActivity    userLogin
2018-05-18 10:06:12    d    WebResourceProvider    connecting to:https://op-ccmk.att.com/mga/sps/oauth/oauth20/token
2018-05-18 10:06:12    d    WebResourceProvider    the post data in  StringRequest is:password=passw0rd&client_secret=JgWBAO77EfgH9k1AKvLq&client_id=vDoxWBuHOE1vLvLWmhEv&username=mg1928&grant_type=password
2018-05-18 10:06:13    d    WebResourceProvider    responseCode : 200
2018-05-18 10:06:13    d    WebResourceProvider    the response encoding:null
2018-05-18 10:06:13    d    JsonResponseListener    the JsonResponseListener responseMe:{"access_token":"pbXAGB4Yd4iDxlueqAdW","refresh_token":"psP8GcjJjzWKQKzuI2ruJIX1WkRtsRMSxrAPD2Hv","scope":"","token_type":"bearer","expires_in":86399}

2018-05-18 10:06:13    d    JsonResponseListener    the JSONObject:{"access_token":"pbXAGB4Yd4iDxlueqAdW","refresh_token":"psP8GcjJjzWKQKzuI2ruJIX1WkRtsRMSxrAPD2Hv","scope":"","token_type":"bearer","expires_in":86399}
2018-05-18 10:06:13    d    MyCCIDLoginActivity    userToken:com.att.crosscarrier.beans.UserToken@e24cdf0
2018-05-18 10:06:13    d    BaseActivity    scanners:[]
2018-05-18 10:06:13    d    BaseActivity    initializers:[]
2018-05-18 10:06:13    d    MobileKeyStartActivity    trustedClients:[],username:mg1928,accessToken:pbXAGB4Yd4iDxlueqAdW
2018-05-18 10:06:13    d    WebResourceProvider    in WebResourceProvider.buildMyApps.....
2018-05-18 10:06:13    d    WebResourceProvider    connecting to:https://op-ccmk.att.com/mga_json/sps/oauth/oauth20/clients
2018-05-18 10:06:13    d    WebResourceProvider    the header :Accept-Language,value:ja
2018-05-18 10:06:13    d    WebResourceProvider    the header :Authorization,value:Bearer pbXAGB4Yd4iDxlueqAdW
2018-05-18 10:06:13    d    WebResourceProvider    the response encoding:null
2018-05-18 10:06:13    d    WebResourceProvider    responseCode : 200
2018-05-18 10:06:13    d    JsonResponseListener    the JsonResponseListener responseMe:{
    "username":"mg1928",
    "trustedClients":[

        {"clientName":"ShutterFlea",
         "permittedScopes":"address,email,gender,name,openid,phone,picture",
         "additionalInfo":"",
         "removeConsentUri":"https://op-ccmk.att.com/mga/sps/oauth/oauth20/clients?action=remove&id=cec7936f-9caf-4cf3-8a4c-be57cadc7bdf" 
        },

        {}
     ]
}

2018-05-18 10:06:13    d    JsonResponseListener    the JSONObject:{"username":"mg1928","trustedClients":[{"clientName":"ShutterFlea","permittedScopes":"address,email,gender,name,openid,phone,picture","additionalInfo":"","removeConsentUri":"https:\/\/op-ccmk.att.com\/mga\/sps\/oauth\/oauth20\/clients?action=remove&id=cec7936f-9caf-4cf3-8a4c-be57cadc7bdf"},{}]}
2018-05-18 10:06:13    d    MobileKeyStartActivity    the uname:mg1928
2018-05-18 10:06:13    d    MobileKeyStartActivity    the uname was saved.....
2018-05-18 10:06:13    d    MobileKeyStartActivity    the jsonObject-->{"clientName":"ShutterFlea","permittedScopes":"address,email,gender,name,openid,phone,picture","additionalInfo":"","removeConsentUri":"https:\/\/op-ccmk.att.com\/mga\/sps\/oauth\/oauth20\/clients?action=remove&id=cec7936f-9caf-4cf3-8a4c-be57cadc7bdf"}
2018-05-18 10:06:13    d    MobileKeyStartActivity    =====clientName:ShutterFlea,permittedScopes:address,email,gender,name,openid,phone,picture,additionalInfo:,removeConsentUri:https://op-ccmk.att.com/mga/sps/oauth/oauth20/clients?action=remove&id=cec7936f-9caf-4cf3-8a4c-be57cadc7bdf
2018-05-18 10:06:13    d    MobileKeyStartActivity    trustedClient===>TrustedClient{access_token='pbXAGB4Yd4iDxlueqAdW', clientName='ShutterFlea', additionalInfo='', permittedScopes='address,email,gender,name,openid,phone,picture', removeConsentUri='https://op-ccmk.att.com/mga/sps/oauth/oauth20/clients?action=remove&id=cec7936f-9caf-4cf3-8a4c-be57cadc7bdf'}
2018-05-18 10:06:13    d    MobileKeyStartActivity    the jsonObject-->{}
2018-05-18 10:06:13    d    MobileKeyStartActivity    =====clientName:null,permittedScopes:null,additionalInfo:null,removeConsentUri:null
2018-05-18 10:06:13    d    MobileKeyStartActivity    the length of trustedClients==>1
2018-05-18 10:06:13    d    MobileKeyStartActivity    in updateListView... 
2018-05-18 10:06:13    d    MyAppsAdapter    ItemAdapter,getView called, position: 0, convertView: null
2018-05-18 10:06:14    d    BaseActivity    cleaners length:1
2018-05-18 10:06:14    d    BaseActivity    invoking cleaner:com.mycomm.itool.listener.T.MyTListener$2@ec98a7b
2018-05-18 10:06:14    d    BaseActivity    invoking cleaner:com.mycomm.itool.listener.T.MyTListener$2@ec98a7b done!
2018-05-18 10:06:14    d    BaseActivity    cleaners:[com.mycomm.itool.listener.T.MyTListener$2@ec98a7b]
2018-05-18 10:06:15    d    MobileKeyStartActivity    trustedClients onItemClick is running 
2018-05-18 10:06:15    d    MobileKeyStartActivity    In onItemClick:0
2018-05-18 10:07:53    d    BaseActivity    cleaners:[com.mycomm.itool.listener.T.MyTListener$2@3153e12]
2018-05-18 10:07:53    d    BaseActivity    cleaners length:1
2018-05-18 10:07:53    d    BaseActivity    invoking cleaner:com.mycomm.itool.listener.T.MyTListener$2@3153e12
2018-05-18 10:07:53    d    BaseActivity    invoking cleaner:com.mycomm.itool.listener.T.MyTListener$2@3153e12 done!
2018-05-18 10:13:14    d    BaseActivity    scanners:[]
2018-05-18 10:13:14    d    BaseActivity    initializers:[]
2018-05-18 10:13:14    d    WelcomeActivity    accessToken is valid...
2018-05-18 10:13:14    d    WelcomeActivity    the oauthToken:com.att.crosscarrier.beans.UserToken@bfb4af8
2018-05-18 10:13:14    d    WelcomeActivity    the uri is null ,go to main activity!
2018-05-18 10:13:14    d    BaseActivity    scanners:[]
2018-05-18 10:13:14    d    BaseActivity    initializers:[]
2018-05-18 10:13:14    d    MobileKeyStartActivity    trustedClients:[],username:mg1928,accessToken:pbXAGB4Yd4iDxlueqAdW
2018-05-18 10:13:14    d    WebResourceProvider    in WebResourceProvider.buildMyApps.....
2018-05-18 10:13:14    d    WebResourceProvider    connecting to:https://op-ccmk.att.com/mga_json/sps/oauth/oauth20/clients
2018-05-18 10:13:14    d    WebResourceProvider    the header :Accept-Language,value:ja
2018-05-18 10:13:14    d    WebResourceProvider    the header :Authorization,value:Bearer pbXAGB4Yd4iDxlueqAdW
2018-05-18 10:13:15    d    WebResourceProvider    responseCode : 200
2018-05-18 10:13:15    d    WebResourceProvider    the response encoding:null
2018-05-18 10:13:15    d    JsonResponseListener    the JsonResponseListener responseMe:{
    "username":"mg1928",
    "trustedClients":[

        {"clientName":"ShutterFlea",
         "permittedScopes":"address,email,gender,name,openid,phone,picture",
         "additionalInfo":"",
         "removeConsentUri":"https://op-ccmk.att.com/mga/sps/oauth/oauth20/clients?action=remove&id=cec7936f-9caf-4cf3-8a4c-be57cadc7bdf" 
        },

        {}
     ]
}

2018-05-18 10:13:15    d    JsonResponseListener    the JSONObject:{"username":"mg1928","trustedClients":[{"clientName":"ShutterFlea","permittedScopes":"address,email,gender,name,openid,phone,picture","additionalInfo":"","removeConsentUri":"https:\/\/op-ccmk.att.com\/mga\/sps\/oauth\/oauth20\/clients?action=remove&id=cec7936f-9caf-4cf3-8a4c-be57cadc7bdf"},{}]}
2018-05-18 10:13:15    d    MobileKeyStartActivity    the uname:mg1928
2018-05-18 10:13:15    d    MobileKeyStartActivity    the uname was saved.....
2018-05-18 10:13:15    d    MobileKeyStartActivity    the jsonObject-->{"clientName":"ShutterFlea","permittedScopes":"address,email,gender,name,openid,phone,picture","additionalInfo":"","removeConsentUri":"https:\/\/op-ccmk.att.com\/mga\/sps\/oauth\/oauth20\/clients?action=remove&id=cec7936f-9caf-4cf3-8a4c-be57cadc7bdf"}
2018-05-18 10:13:15    d    MobileKeyStartActivity    trustedClient===>TrustedClient{access_token='pbXAGB4Yd4iDxlueqAdW', clientName='ShutterFlea', additionalInfo='', permittedScopes='address,email,gender,name,openid,phone,picture', removeConsentUri='https://op-ccmk.att.com/mga/sps/oauth/oauth20/clients?action=remove&id=cec7936f-9caf-4cf3-8a4c-be57cadc7bdf'}
2018-05-18 10:13:15    d    MobileKeyStartActivity    =====clientName:ShutterFlea,permittedScopes:address,email,gender,name,openid,phone,picture,additionalInfo:,removeConsentUri:https://op-ccmk.att.com/mga/sps/oauth/oauth20/clients?action=remove&id=cec7936f-9caf-4cf3-8a4c-be57cadc7bdf
2018-05-18 10:13:15    d    MobileKeyStartActivity    the jsonObject-->{}
2018-05-18 10:13:15    d    MobileKeyStartActivity    =====clientName:null,permittedScopes:null,additionalInfo:null,removeConsentUri:null
2018-05-18 10:13:15    d    MobileKeyStartActivity    the length of trustedClients==>1
2018-05-18 10:13:15    d    MobileKeyStartActivity    in updateListView... 
2018-05-18 10:13:15    d    MyAppsAdapter    ItemAdapter,getView called, position: 0, convertView: null
2018-05-18 10:13:15    d    BaseActivity    cleaners:[com.mycomm.itool.listener.T.MyTListener$2@6be6bda]
2018-05-18 10:13:15    d    BaseActivity    cleaners length:1
2018-05-18 10:13:15    d    BaseActivity    invoking cleaner:com.mycomm.itool.listener.T.MyTListener$2@6be6bda
2018-05-18 10:13:15    d    BaseActivity    invoking cleaner:com.mycomm.itool.listener.T.MyTListener$2@6be6bda done!
2018-05-18 10:13:16    d    MobileKeyStartActivity    trustedClients onItemClick is running 
2018-05-18 10:13:16    d    MobileKeyStartActivity    In onItemClick:0
2018-05-18 10:13:59    d    BaseActivity    cleaners:[com.mycomm.itool.listener.T.MyTListener$2@7789ead]
2018-05-18 10:13:59    d    BaseActivity    cleaners length:1
2018-05-18 10:13:59    d    BaseActivity    invoking cleaner:com.mycomm.itool.listener.T.MyTListener$2@7789ead
2018-05-18 10:13:59    d    BaseActivity    invoking cleaner:com.mycomm.itool.listener.T.MyTListener$2@7789ead done!
2018-05-18 12:38:47    d    MainActivity    the id in allListener:2131427416
2018-05-18 12:41:14    d    MainActivity    the id in allListener:2131427416
2018-05-18 21:16:00    d    MainActivity    the id in allListener:2131427416
2018-05-18 23:11:32    d    MainActivity    the id in allListener:2131427416
2018-05-18 23:11:58    d    MainActivity    the id in allListener:2131427416
2018-05-18 23:12:32    d    MainActivity    the id in allListener:2131427416
2018-05-18 23:12:37    d    MainActivity    the id in allListener:2131427416
2018-05-18 23:13:08    d    MainActivity    the id in allListener:2131427416
